>LibSC_Client.py com12
logging Module Init Ok
Firmware Version: 0x12 = (unknow
-------------------- test libsc api --------------------
ATQA:02
SAK:20
UID:F0 B6 9C E0 
PICC type: PICC_TYPE_ISO_14443_4
-------------------- testing cpu card --------------------
test cpu card ...
-------------------- RATS --------------------
 	RetData:: 00 0B 00 E0 00 06 78 80 88 00 80 D2 03 24
-------------------- SELECT APP --------------------
 	RetData:: 00 08 00 00 00 02 90 00 F1 09 24
-------------------- simple apdu --------------------
 	RetData:: 00 0C 00 00 00 03 00 12 23 34 90 00 8D DB 24
-------------------- FSC 24 --------------------
 	RetData:: 00 19 00 00 00 02 00 02 03 04 05 06 07 08 09 0A 0B 0C 0D 0E 0F 10 11 90 00 AC 98 24
-------------------- FSC 32 --------------------
 	RetData:: 00 21 00 00 00 03 00 02 03 04 05 06 07 08 09 0A 0B 0C 0D 0E 0F 10 11 12 13 14 15 16 17 18 19 90 00 C8 46 24
-------------------- FSC 39* --------------------
 	RetData:: 00 28 00 00 00 02 00 02 03 04 05 06 07 08 09 0A 0B 0C 0D 0E 0F 10 11 12 13 14 15 16 17 18 19 1A 1B 1C 1D 1E 1F 20 90 00 EC 99 24
-------------------- FSC 40 --------------------
 	RetData:: 00 29 00 00 00 03 00 02 03 04 05 06 07 08 09 0A 0B 0C 0D 0E 0F 10 11 12 13 14 15 16 17 18 19 1A 1B 1C 1D 1E 1F 20 21 90 00 77 48 24
-------------------- long var apdu of 21 --------------------
 	RetData:: 00 2A 00 00 00 02 00 02 03 04 05 06 07 08 09 0A 0B 0C 0D 0E 0F 10 11 12 13 14 15 16 17 18 19 1A 1B 1C 1D 1E 1F 20 21 22 90 00 88 9B 24
-------------------- long var apdu of 22 --------------------
 	RetData:: 00 2B 00 00 00 03 00 02 03 04 05 06 07 08 09 0A 0B 0C 0D 0E 0F 10 11 12 13 14 15 16 17 18 19 1A 1B 1C 1D 1E 1F 20 21 22 23 90 00 68 DE 24
-------------------- long var apdu of 23 --------------------
 	RetData:: 00 2C 00 00 00 02 00 02 03 04 05 06 07 08 09 0A 0B 0C 0D 0E 0F 10 11 12 13 14 15 16 17 18 19 1A 1B 1C 1D 1E 1F 20 21 22 23 24 90 00 00 55 24
-------------------- long var apdu of 24 --------------------
 	RetData:: 00 2D 00 00 00 03 00 02 03 04 05 06 07 08 09 0A 0B 0C 0D 0E 0F 10 11 12 13 14 15 16 17 18 19 1A 1B 1C 1D 1E 1F 20 21 22 23 24 25 90 00 CD A4 24
-------------------- long var apdu of 25 --------------------
 	RetData:: 00 2E 00 00 00 02 00 02 03 04 05 06 07 08 09 0A 0B 0C 0D 0E 0F 10 11 12 13 14 15 16 17 18 19 1A 1B 1C 1D 1E 1F 20 21 22 23 24 25 26 90 00 5C C6 24
-------------------- long fixed --2 apdu --------------------
 	RetData:: 00 2F 00 00 00 03 00 02 03 04 05 06 07 08 09 0A 0B 0C 0D 0E 0F 10 11 12 13 14 15 16 17 18 19 1A 1B 1C 1D 1E 1F 20 21 22 23 24 25 26 27 90 00 99 25 24
