>LibSC_Client.py com12
logging Module Init Ok
Firmware Version: 0x12 = (unknow
-------------------- test libsc api --------------------
ATQA:04
SAK:08
UID:24 46 0C 85 
PICC type: PICC_TYPE_MIFARE_1K
Mifare Block Count: 64
-------------------- testing mifare card --------------------
AuthA 4 ok
Read blocks from 0 to 64
[   0 ] AuthA ok
	24 46 0C 85 EB 08 04 00 62 63 64 65 66 67 68 69 
	00 00 00 00 00 00 00 00 00 00 00 00 00 00 00 00 
	00 00 00 00 00 00 00 00 00 00 00 00 00 00 00 00 
	00 00 00 00 00 00 FF 07 80 69 FF FF FF FF FF FF 
[   4 ] AuthA ok
	07 00 00 00 F8 FF FF FF 07 00 00 00 04 FB 04 FB 
	00 00 00 00 00 00 00 00 00 00 00 00 00 00 00 00 
	00 00 00 00 00 00 00 00 00 00 00 00 00 00 00 00 
	00 00 00 00 00 00 FF 07 80 69 FF FF FF FF FF FF 
[   8 ] AuthA ok
	00 00 00 00 00 00 00 00 00 00 00 00 00 00 00 00 
	00 00 00 00 00 00 00 00 00 00 00 00 00 00 00 00 
	00 00 00 00 00 00 00 00 00 00 00 00 00 00 00 00 
	00 00 00 00 00 00 FF 07 80 69 FF FF FF FF FF FF 
[  12 ] AuthA ok
	00 00 00 00 00 00 00 00 00 00 00 00 00 00 00 00 
	00 00 00 00 00 00 00 00 00 00 00 00 00 00 00 00 
	00 00 00 00 00 00 00 00 00 00 00 00 00 00 00 00 
	00 00 00 00 00 00 FF 07 80 69 FF FF FF FF FF FF 
[  16 ] AuthA ok
	00 00 00 00 00 00 00 00 00 00 00 00 00 00 00 00 
	00 00 00 00 00 00 00 00 00 00 00 00 00 00 00 00 
	00 00 00 00 00 00 00 00 00 00 00 00 00 00 00 00 
	00 00 00 00 00 00 FF 07 80 69 FF FF FF FF FF FF 
[  20 ] AuthA ok
	00 00 00 00 00 00 00 00 00 00 00 00 00 00 00 00 
	00 00 00 00 00 00 00 00 00 00 00 00 00 00 00 00 
	00 00 00 00 00 00 00 00 00 00 00 00 00 00 00 00 
	00 00 00 00 00 00 FF 07 80 69 FF FF FF FF FF FF 
[  24 ] AuthA ok
	00 00 00 00 00 00 00 00 00 00 00 00 00 00 00 00 
	00 00 00 00 00 00 00 00 00 00 00 00 00 00 00 00 
	00 00 00 00 00 00 00 00 00 00 00 00 00 00 00 00 
	00 00 00 00 00 00 FF 07 80 69 FF FF FF FF FF FF 
[  28 ] AuthA ok
	00 00 00 00 00 00 00 00 00 00 00 00 00 00 00 00 
	00 00 00 00 00 00 00 00 00 00 00 00 00 00 00 00 
	00 00 00 00 00 00 00 00 00 00 00 00 00 00 00 00 
	00 00 00 00 00 00 FF 07 80 69 FF FF FF FF FF FF 
[  32 ] AuthA ok
	00 00 00 00 00 00 00 00 00 00 00 00 00 00 00 00 
	00 00 00 00 00 00 00 00 00 00 00 00 00 00 00 00 
	00 00 00 00 00 00 00 00 00 00 00 00 00 00 00 00 
	00 00 00 00 00 00 FF 07 80 69 FF FF FF FF FF FF 
[  36 ] AuthA ok
	00 00 00 00 00 00 00 00 00 00 00 00 00 00 00 00 
	00 00 00 00 00 00 00 00 00 00 00 00 00 00 00 00 
	00 00 00 00 00 00 00 00 00 00 00 00 00 00 00 00 
	00 00 00 00 00 00 FF 07 80 69 FF FF FF FF FF FF 
[  40 ] AuthA ok
	00 00 00 00 00 00 00 00 00 00 00 00 00 00 00 00 
	00 00 00 00 00 00 00 00 00 00 00 00 00 00 00 00 
	00 00 00 00 00 00 00 00 00 00 00 00 00 00 00 00 
	00 00 00 00 00 00 FF 07 80 69 FF FF FF FF FF FF 
[  44 ] AuthA ok
	00 00 00 00 00 00 00 00 00 00 00 00 00 00 00 00 
	00 00 00 00 00 00 00 00 00 00 00 00 00 00 00 00 
	00 00 00 00 00 00 00 00 00 00 00 00 00 00 00 00 
	00 00 00 00 00 00 FF 07 80 69 FF FF FF FF FF FF 
[  48 ] AuthA ok
	00 00 00 00 00 00 00 00 00 00 00 00 00 00 00 00 
	00 00 00 00 00 00 00 00 00 00 00 00 00 00 00 00 
	00 00 00 00 00 00 00 00 00 00 00 00 00 00 00 00 
	00 00 00 00 00 00 FF 07 80 69 FF FF FF FF FF FF 
[  52 ] AuthA ok
	00 00 00 00 00 00 00 00 00 00 00 00 00 00 00 00 
	00 00 00 00 00 00 00 00 00 00 00 00 00 00 00 00 
	00 00 00 00 00 00 00 00 00 00 00 00 00 00 00 00 
	00 00 00 00 00 00 FF 07 80 69 FF FF FF FF FF FF 
[  56 ] AuthA ok
	00 00 00 00 00 00 00 00 00 00 00 00 00 00 00 00 
	00 00 00 00 00 00 00 00 00 00 00 00 00 00 00 00 
	00 00 00 00 00 00 00 00 00 00 00 00 00 00 00 00 
	00 00 00 00 00 00 FF 07 80 69 FF FF FF FF FF FF 
[  60 ] AuthA ok
	00 00 00 00 00 00 00 00 00 00 00 00 00 00 00 00 
	00 00 00 00 00 00 00 00 00 00 00 00 00 00 00 00 
	00 00 00 00 00 00 00 00 00 00 00 00 00 00 00 00 
	00 00 00 00 00 00 FF 07 80 69 FF FF FF FF FF FF 
TotalTime: 0:02:13.562000
